<?xml version="1.0" encoding="UTF-8"?>
<!-- Generated by org.testng.reporters.JUnitXMLReporter -->
<testsuite ignored="0" hostname="KRISSHNNAA" failures="0" tests="3" name="Test" time="72.031" errors="0" timestamp="2020-11-02T19:58:23 IST">
  <testcase classname="LatestE2EFramework.Krish.AssertValidation" name="basepagenavigation" time="0.394"/>
  <testcase classname="LatestE2EFramework.Krish.HomePage" name="basepagenavigation" time="13.111"/>
  <testcase classname="LatestE2EFramework.Krish.HomePage" name="basepagenavigation" time="13.354"/>
</testsuite> <!-- Test -->
