<?xml version="1.0" encoding="UTF-8"?>
<!-- Generated by org.testng.reporters.JUnitXMLReporter -->
<testsuite ignored="0" hostname="KRISSHNNAA" failures="0" tests="3" name="Test" time="41.243" errors="0" timestamp="2020-11-02T20:25:55 IST">
  <testcase classname="LatestE2EFramework.Krish.AssertValidation" name="basepagenavigation" time="0.4"/>
  <testcase classname="LatestE2EFramework.Krish.HomePage" name="basepagenavigation" time="10.256"/>
  <testcase classname="LatestE2EFramework.Krish.HomePage" name="basepagenavigation" time="7.649"/>
</testsuite> <!-- Test -->
