<?xml version="1.0" encoding="UTF-8"?>
<testng-results ignored="0" total="3" passed="3" failed="0" skipped="0">
  <reporter-output>
  </reporter-output>
  <suite started-at="2020-11-02T21:52:49 IST" name="Suite" finished-at="2020-11-02T21:53:11 IST" duration-ms="22096">
    <groups>
    </groups>
    <test started-at="2020-11-02T21:52:49 IST" name="validating the navigation page" finished-at="2020-11-02T21:52:59 IST" duration-ms="10274">
      <class name="LatestE2EFramework.Krish.AssertValidation">
        <test-method is-config="true" signature="initilize()[pri:0, instance:LatestE2EFramework.Krish.AssertValidation@1e16c0aa]" started-at="2020-11-02T21:52:49 IST" name="initilize" finished-at="2020-11-02T21:52:58 IST" duration-ms="9698" status="PASS">
          <reporter-output>
          </reporter-output>
        </test-method> <!-- initilize -->
        <test-method signature="basepagenavigation()[pri:0, instance:LatestE2EFramework.Krish.AssertValidation@1e16c0aa]" started-at="2020-11-02T21:52:58 IST" name="basepagenavigation" finished-at="2020-11-02T21:52:59 IST" duration-ms="290" status="PASS">
          <reporter-output>
          </reporter-output>
        </test-method> <!-- basepagenavigation -->
        <test-method is-config="true" signature="windowclose()[pri:0, instance:LatestE2EFramework.Krish.AssertValidation@1e16c0aa]" started-at="2020-11-02T21:52:59 IST" name="windowclose" finished-at="2020-11-02T21:52:59 IST" duration-ms="196" status="PASS">
          <reporter-output>
          </reporter-output>
        </test-method> <!-- windowclose -->
      </class> <!-- LatestE2EFramework.Krish.AssertValidation -->
    </test> <!-- validating the navigation page -->
    <test started-at="2020-11-02T21:52:59 IST" name="validing the users" finished-at="2020-11-02T21:53:11 IST" duration-ms="11770">
      <class name="LatestE2EFramework.Krish.HomePage">
        <test-method is-config="true" signature="initilize()[pri:0, instance:LatestE2EFramework.Krish.HomePage@2ad48653]" started-at="2020-11-02T21:52:59 IST" name="initilize" finished-at="2020-11-02T21:53:03 IST" duration-ms="3557" status="PASS">
          <reporter-output>
          </reporter-output>
        </test-method> <!-- initilize -->
        <test-method signature="basepagenavigation(java.lang.String, java.lang.String)[pri:0, instance:LatestE2EFramework.Krish.HomePage@2ad48653]" started-at="2020-11-02T21:53:03 IST" name="basepagenavigation" data-provider="getdata" finished-at="2020-11-02T21:53:07 IST" duration-ms="4505" status="PASS">
          <params>
            <param index="0">
              <value>
                <![CDATA[stusername]]>
              </value>
            </param>
            <param index="1">
              <value>
                <![CDATA[145]]>
              </value>
            </param>
          </params>
          <reporter-output>
          </reporter-output>
        </test-method> <!-- basepagenavigation -->
        <test-method signature="basepagenavigation(java.lang.String, java.lang.String)[pri:0, instance:LatestE2EFramework.Krish.HomePage@2ad48653]" started-at="2020-11-02T21:53:07 IST" name="basepagenavigation" data-provider="getdata" finished-at="2020-11-02T21:53:11 IST" duration-ms="3500" status="PASS">
          <params>
            <param index="0">
              <value>
                <![CDATA[ndusername]]>
              </value>
            </param>
            <param index="1">
              <value>
                <![CDATA[8547]]>
              </value>
            </param>
          </params>
          <reporter-output>
          </reporter-output>
        </test-method> <!-- basepagenavigation -->
        <test-method is-config="true" signature="windowclose()[pri:0, instance:LatestE2EFramework.Krish.HomePage@2ad48653]" started-at="2020-11-02T21:53:11 IST" name="windowclose" finished-at="2020-11-02T21:53:11 IST" duration-ms="200" status="PASS">
          <reporter-output>
          </reporter-output>
        </test-method> <!-- windowclose -->
      </class> <!-- LatestE2EFramework.Krish.HomePage -->
    </test> <!-- validing the users -->
  </suite> <!-- Suite -->
</testng-results>
