<?xml version="1.0" encoding="UTF-8"?>
<testsuite xmlns:xsi="http://www.w3.org/2001/XMLSchema-instance" xsi:noNamespaceSchemaLocation="https://maven.apache.org/surefire/maven-surefire-plugin/xsd/surefire-test-report.xsd" name="TestSuite" time="45.326" tests="3" errors="0" skipped="0" failures="0">
  <properties>
[...]
</properties>
  <testcase name="basepagenavigation" classname="LatestE2EFramework.Krish.AssertValidation" time="0.238"/>
  <testcase name="basepagenavigation" classname="LatestE2EFramework.Krish.HomePage" time="10.25"/>
  <testcase name="basepagenavigation" classname="LatestE2EFramework.Krish.HomePage" time="7.656"/>
</testsuite>