<?xml version="1.0" encoding="UTF-8"?>
<testng-results ignored="0" total="2" passed="2" failed="0" skipped="0">
  <reporter-output>
  </reporter-output>
  <suite started-at="2021-03-28T12:45:47 IST" name="Default suite" finished-at="2021-03-28T12:46:10 IST" duration-ms="23924">
    <groups>
    </groups>
    <test started-at="2021-03-28T12:45:47 IST" name="Default test" finished-at="2021-03-28T12:46:10 IST" duration-ms="23924">
      <class name="LatestE2EFramework.Krish.HomePage">
        <test-method is-config="true" signature="initilize()[pri:0, instance:LatestE2EFramework.Krish.HomePage@59d4cd39]" started-at="2021-03-28T12:45:47 IST" name="initilize" finished-at="2021-03-28T12:45:51 IST" duration-ms="4045" status="PASS">
          <reporter-output>
          </reporter-output>
        </test-method> <!-- initilize -->
        <test-method signature="basepagenavigation(java.lang.String, java.lang.String)[pri:0, instance:LatestE2EFramework.Krish.HomePage@59d4cd39]" started-at="2021-03-28T12:45:51 IST" name="basepagenavigation" data-provider="getdata" finished-at="2021-03-28T12:46:06 IST" duration-ms="15312" status="PASS">
          <params>
            <param index="0">
              <value>
                <![CDATA[stusername]]>
              </value>
            </param>
            <param index="1">
              <value>
                <![CDATA[145]]>
              </value>
            </param>
          </params>
          <reporter-output>
          </reporter-output>
        </test-method> <!-- basepagenavigation -->
        <test-method signature="basepagenavigation(java.lang.String, java.lang.String)[pri:0, instance:LatestE2EFramework.Krish.HomePage@59d4cd39]" started-at="2021-03-28T12:46:06 IST" name="basepagenavigation" data-provider="getdata" finished-at="2021-03-28T12:46:10 IST" duration-ms="4113" status="PASS">
          <params>
            <param index="0">
              <value>
                <![CDATA[ndusername]]>
              </value>
            </param>
            <param index="1">
              <value>
                <![CDATA[8547]]>
              </value>
            </param>
          </params>
          <reporter-output>
          </reporter-output>
        </test-method> <!-- basepagenavigation -->
        <test-method is-config="true" signature="windowclose()[pri:0, instance:LatestE2EFramework.Krish.HomePage@59d4cd39]" started-at="2021-03-28T12:46:10 IST" name="windowclose" finished-at="2021-03-28T12:46:10 IST" duration-ms="347" status="PASS">
          <reporter-output>
          </reporter-output>
        </test-method> <!-- windowclose -->
      </class> <!-- LatestE2EFramework.Krish.HomePage -->
    </test> <!-- Default test -->
  </suite> <!-- Default suite -->
</testng-results>
